<?xml version="1.0" encoding="UTF-8"?>
<!-- Generated by org.testng.reporters.JUnitXMLReporter -->
<testsuite hostname="DESKTOP-P1HF71B" ignored="0" tests="28" failures="0" timestamp="04 May 2022 09:23:53 GMT" time="101.967" errors="0">
  <testcase name="invokeBrowser" time="3.692" classname="Oldpinch"/>
  <testcase name="enterUrl" time="8.681" classname="Oldpinch"/>
  <testcase name="maximizeWindow" time="0.161" classname="Oldpinch"/>
  <testcase name="enterSearchText" time="0.176" classname="Oldpinch"/>
  <testcase name="clickSearchButton" time="6.531" classname="Oldpinch"/>
  <testcase name="clickItem" time="7.717" classname="Oldpinch"/>
  <testcase name="clearQuantity" time="0.376" classname="Oldpinch"/>
  <testcase name="addQuantity" time="3.109" classname="Oldpinch"/>
  <testcase name="clickAddToCart" time="8.069" classname="Oldpinch"/>
  <testcase name="clickNextPic" time="2.362" classname="Oldpinch"/>
  <testcase name="clickCart" time="5.266" classname="Oldpinch"/>
  <testcase name="editCart" time="7.241" classname="Oldpinch"/>
  <testcase name="clickProceedToCheckout" time="1.34" classname="Oldpinch"/>
  <testcase name="enterEmail" time="1.235" classname="Oldpinch"/>
  <testcase name="enterPassword" time="0.167" classname="Oldpinch"/>
  <testcase name="enterSignIn" time="11.341" classname="Oldpinch"/>
  <testcase name="checkOutAgain" time="11.807" classname="Oldpinch"/>
  <testcase name="enterCompany" time="0.368" classname="Oldpinch"/>
  <testcase name="enterAddress" time="1.331" classname="Oldpinch"/>
  <testcase name="city" time="0.255" classname="Oldpinch"/>
  <testcase name="selectCountry" time="0.169" classname="Oldpinch"/>
  <testcase name="selectState" time="0.171" classname="Oldpinch"/>
  <testcase name="zip" time="0.217" classname="Oldpinch"/>
  <testcase name="phone" time="5.221" classname="Oldpinch"/>
  <testcase name="clickPayment" time="5.16" classname="Oldpinch"/>
  <testcase name="clickOnline" time="6.418" classname="Oldpinch"/>
  <testcase name="enterText" time="3.219" classname="Oldpinch"/>
  <testcase name="sendChat" time="0.088" classname="Oldpinch"/>
</testsuite>
